[0.014s] Invoking command in '/home/ahmedmwafy/Test/Mwafy/ros2_my_ws/build/Letters_Drawing_2': CMAKE_PREFIX_PATH=/opt/ros/humble /usr/bin/cmake --build /home/ahmedmwafy/Test/Mwafy/ros2_my_ws/build/Letters_Drawing_2 -- -j16 -l16
[0.034s] -- Found ament_cmake: 1.3.11 (/opt/ros/humble/share/ament_cmake/cmake)
[0.194s] -- Found rosidl_default_generators: 1.2.0 (/opt/ros/humble/share/rosidl_default_generators/cmake)
[0.195s] -- Using all available rosidl_typesupport_c: rosidl_typesupport_fastrtps_c;rosidl_typesupport_introspection_c
[0.197s] -- Found rosidl_adapter: 3.1.6 (/opt/ros/humble/share/rosidl_adapter/cmake)
[0.220s] -- Using all available rosidl_typesupport_cpp: rosidl_typesupport_fastrtps_cpp;rosidl_typesupport_introspection_cpp
[0.241s] -- Found std_msgs: 4.2.4 (/opt/ros/humble/share/std_msgs/cmake)
[0.259s] -- Found geometry_msgs: 4.2.4 (/opt/ros/humble/share/geometry_msgs/cmake)
[0.476s] [31mCMake Error at /opt/ros/humble/share/rosidl_adapter/cmake/rosidl_adapt_interfaces.cmake:59 (message):
[0.476s]   execute_process(/usr/bin/python3 -m rosidl_adapter --package-name
[0.476s]   Letters_Drawing_2 --arguments-file
[0.476s]   /home/ahmedmwafy/Test/Mwafy/ros2_my_ws/build/Letters_Drawing_2/rosidl_adapter__arguments__Letters_Drawing_2.json
[0.476s]   --output-dir
[0.476s]   /home/ahmedmwafy/Test/Mwafy/ros2_my_ws/build/Letters_Drawing_2/rosidl_adapter/Letters_Drawing_2
[0.476s]   --output-file
[0.477s]   /home/ahmedmwafy/Test/Mwafy/ros2_my_ws/build/Letters_Drawing_2/rosidl_adapter/Letters_Drawing_2.idls)
[0.477s]   returned error code 1:
[0.477s] 
[0.477s]   Traceback (most recent call last):
[0.477s] 
[0.477s]     File "/usr/lib/python3.10/runpy.py", line 196, in _run_module_as_main
[0.477s]       return _run_code(code, main_globals, None,
[0.477s]     File "/usr/lib/python3.10/runpy.py", line 86, in _run_code
[0.477s]       exec(code, run_globals)
[0.477s]     File "/opt/ros/humble/local/lib/python3.10/dist-packages/rosidl_adapter/__main__.py", line 19, in <module>
[0.477s]       sys.exit(main())
[0.477s]     File "/opt/ros/humble/local/lib/python3.10/dist-packages/rosidl_adapter/main.py", line 53, in main
[0.477s]       abs_idl_file = convert_to_idl(
[0.477s]     File "/opt/ros/humble/local/lib/python3.10/dist-packages/rosidl_adapter/__init__.py", line 19, in convert_to_idl
[0.477s]       return convert_msg_to_idl(
[0.477s]     File "/opt/ros/humble/local/lib/python3.10/dist-packages/rosidl_adapter/msg/__init__.py", line 28, in convert_msg_to_idl
[0.477s]       msg = parse_message_string(package_name, input_file.stem, content)
[0.477s]     File "/opt/ros/humble/local/lib/python3.10/dist-packages/rosidl_adapter/parser.py", line 544, in parse_message_string
[0.478s]       msg = MessageSpecification(pkg_name, msg_name, fields, constants)
[0.478s]     File "/opt/ros/humble/local/lib/python3.10/dist-packages/rosidl_adapter/parser.py", line 388, in __init__
[0.478s]       self.base_type = BaseType(
[0.478s]     File "/opt/ros/humble/local/lib/python3.10/dist-packages/rosidl_adapter/parser.py", line 201, in __init__
[0.478s]       raise InvalidResourceName(
[0.478s] 
[0.478s]   rosidl_adapter.parser.InvalidResourceName: 'Letters_Drawing_2' is an
[0.478s]   invalid package name.  It should have the pattern
[0.478s]   '^(?!.*__)(?!.*_$)[a-z][a-z0-9_]*$'
[0.478s] 
[0.478s] Call Stack (most recent call first):
[0.478s]   /opt/ros/humble/share/rosidl_cmake/cmake/rosidl_generate_interfaces.cmake:130 (rosidl_adapt_interfaces)
[0.478s]   CMakeLists.txt:40 (rosidl_generate_interfaces)
[0.478s] 
[0.478s] [0m
[0.478s] -- Configuring incomplete, errors occurred!
[0.478s] See also "/home/ahmedmwafy/Test/Mwafy/ros2_my_ws/build/Letters_Drawing_2/CMakeFiles/CMakeOutput.log".
[0.482s] gmake: *** [Makefile:226: cmake_check_build_system] Error 1
[0.484s] Invoked command in '/home/ahmedmwafy/Test/Mwafy/ros2_my_ws/build/Letters_Drawing_2' returned '2': CMAKE_PREFIX_PATH=/opt/ros/humble /usr/bin/cmake --build /home/ahmedmwafy/Test/Mwafy/ros2_my_ws/build/Letters_Drawing_2 -- -j16 -l16
