[0.013s] Invoking command in '/home/ahmedmwafy/Test/Mwafy/ros2_my_ws/build/letters_drawing_2': CMAKE_PREFIX_PATH=${CMAKE_PREFIX_PATH}:/home/ahmedmwafy/Test/Mwafy/ros2_my_ws/install/turtle_control_1:/opt/ros/humble /usr/bin/cmake --build /home/ahmedmwafy/Test/Mwafy/ros2_my_ws/build/letters_drawing_2 -- -j16 -l16
[0.039s] -- Found ament_cmake: 1.3.11 (/opt/ros/humble/share/ament_cmake/cmake)
[0.198s] -- Found rosidl_default_generators: 1.2.0 (/opt/ros/humble/share/rosidl_default_generators/cmake)
[0.199s] -- Using all available rosidl_typesupport_c: rosidl_typesupport_fastrtps_c;rosidl_typesupport_introspection_c
[0.201s] -- Found rosidl_adapter: 3.1.6 (/opt/ros/humble/share/rosidl_adapter/cmake)
[0.224s] -- Using all available rosidl_typesupport_cpp: rosidl_typesupport_fastrtps_cpp;rosidl_typesupport_introspection_cpp
[0.247s] -- Found std_msgs: 4.2.4 (/opt/ros/humble/share/std_msgs/cmake)
[0.266s] -- Found geometry_msgs: 4.2.4 (/opt/ros/humble/share/geometry_msgs/cmake)
[0.420s] [31mCMake Error at /opt/ros/humble/share/rosidl_adapter/cmake/rosidl_adapt_interfaces.cmake:59 (message):
[0.420s]   execute_process(/usr/bin/python3 -m rosidl_adapter --package-name
[0.420s]   Letters_Drawing_2 --arguments-file
[0.420s]   /home/ahmedmwafy/Test/Mwafy/ros2_my_ws/build/letters_drawing_2/rosidl_adapter__arguments__Letters_Drawing_2.json
[0.420s]   --output-dir
[0.420s]   /home/ahmedmwafy/Test/Mwafy/ros2_my_ws/build/letters_drawing_2/rosidl_adapter/Letters_Drawing_2
[0.420s]   --output-file
[0.420s]   /home/ahmedmwafy/Test/Mwafy/ros2_my_ws/build/letters_drawing_2/rosidl_adapter/Letters_Drawing_2.idls)
[0.420s]   returned error code 1:
[0.420s] 
[0.420s]   Traceback (most recent call last):
[0.420s] 
[0.420s]     File "/usr/lib/python3.10/runpy.py", line 196, in _run_module_as_main
[0.420s]       return _run_code(code, main_globals, None,
[0.420s]     File "/usr/lib/python3.10/runpy.py", line 86, in _run_code
[0.420s]       exec(code, run_globals)
[0.421s]     File "/opt/ros/humble/local/lib/python3.10/dist-packages/rosidl_adapter/__main__.py", line 19, in <module>
[0.421s]       sys.exit(main())
[0.421s]     File "/opt/ros/humble/local/lib/python3.10/dist-packages/rosidl_adapter/main.py", line 53, in main
[0.421s]       abs_idl_file = convert_to_idl(
[0.421s]     File "/opt/ros/humble/local/lib/python3.10/dist-packages/rosidl_adapter/__init__.py", line 19, in convert_to_idl
[0.421s]       return convert_msg_to_idl(
[0.421s]     File "/opt/ros/humble/local/lib/python3.10/dist-packages/rosidl_adapter/msg/__init__.py", line 28, in convert_msg_to_idl
[0.421s]       msg = parse_message_string(package_name, input_file.stem, content)
[0.421s]     File "/opt/ros/humble/local/lib/python3.10/dist-packages/rosidl_adapter/parser.py", line 544, in parse_message_string
[0.421s]       msg = MessageSpecification(pkg_name, msg_name, fields, constants)
[0.421s]     File "/opt/ros/humble/local/lib/python3.10/dist-packages/rosidl_adapter/parser.py", line 388, in __init__
[0.421s]       self.base_type = BaseType(
[0.421s]     File "/opt/ros/humble/local/lib/python3.10/dist-packages/rosidl_adapter/parser.py", line 201, in __init__
[0.421s]       raise InvalidResourceName(
[0.421s] 
[0.421s]   rosidl_adapter.parser.InvalidResourceName: 'Letters_Drawing_2' is an
[0.421s]   invalid package name.  It should have the pattern
[0.421s]   '^(?!.*__)(?!.*_$)[a-z][a-z0-9_]*$'
[0.421s] 
[0.421s] Call Stack (most recent call first):
[0.421s]   /opt/ros/humble/share/rosidl_cmake/cmake/rosidl_generate_interfaces.cmake:130 (rosidl_adapt_interfaces)
[0.421s]   CMakeLists.txt:31 (rosidl_generate_interfaces)
[0.422s] 
[0.422s] [0m
[0.422s] -- Configuring incomplete, errors occurred!
[0.422s] See also "/home/ahmedmwafy/Test/Mwafy/ros2_my_ws/build/letters_drawing_2/CMakeFiles/CMakeOutput.log".
[0.425s] gmake: *** [Makefile:747: cmake_check_build_system] Error 1
[0.428s] Invoked command in '/home/ahmedmwafy/Test/Mwafy/ros2_my_ws/build/letters_drawing_2' returned '2': CMAKE_PREFIX_PATH=${CMAKE_PREFIX_PATH}:/home/ahmedmwafy/Test/Mwafy/ros2_my_ws/install/turtle_control_1:/opt/ros/humble /usr/bin/cmake --build /home/ahmedmwafy/Test/Mwafy/ros2_my_ws/build/letters_drawing_2 -- -j16 -l16
